Unity Editor version:    2021.3.7f1 (24e8595d6d43)
Branch:                  2021.3/staging
Build type:              Release
Batch mode:              YES
macOS version:           Version 12.0.1 (Build 21A559)
Darwin version:          21.1.0
Architecture:            arm64
Running under Rosetta:   NO
Available memory:        8192 MB
Using pre-set license
Pro License: YES

COMMAND LINE ARGUMENTS:
/Applications/Unity/Hub/Editor/2021.3.7f1/Unity.app/Contents/MacOS/Unity
-adb2
-batchMode
-noUpm
-name
AssetImportWorker0
-projectPath
/Users/ronald/Desktop/Unity/Unity Programing Course/Junior Programmer/CheckPoints/Theory-Programming-Repo/FlightSimulator
-logFile
Logs/AssetImportWorker0.log
-srvPort
57810
Successfully changed project path to: /Users/ronald/Desktop/Unity/Unity Programing Course/Junior Programmer/CheckPoints/Theory-Programming-Repo/FlightSimulator
/Users/ronald/Desktop/Unity/Unity Programing Course/Junior Programmer/CheckPoints/Theory-Programming-Repo/FlightSimulator
[UnityMemory] Configuration Parameters - Can be set up in boot.config
    "memorysetup-bucket-allocator-granularity=16"
    "memorysetup-bucket-allocator-bucket-count=8"
    "memorysetup-bucket-allocator-block-size=33554432"
    "memorysetup-bucket-allocator-block-count=8"
    "memorysetup-main-allocator-block-size=16777216"
    "memorysetup-thread-allocator-block-size=16777216"
    "memorysetup-gfx-main-allocator-block-size=16777216"
    "memorysetup-gfx-thread-allocator-block-size=16777216"
    "memorysetup-cache-allocator-block-size=4194304"
    "memorysetup-typetree-allocator-block-size=2097152"
    "memorysetup-profiler-bucket-allocator-granularity=16"
    "memorysetup-profiler-bucket-allocator-bucket-count=8"
    "memorysetup-profiler-bucket-allocator-block-size=33554432"
    "memorysetup-profiler-bucket-allocator-block-count=8"
    "memorysetup-profiler-allocator-block-size=16777216"
    "memorysetup-profiler-editor-allocator-block-size=1048576"
    "memorysetup-temp-allocator-size-main=16777216"
    "memorysetup-job-temp-allocator-block-size=2097152"
    "memorysetup-job-temp-allocator-block-size-background=1048576"
    "memorysetup-job-temp-allocator-reduction-small-platforms=262144"
    "memorysetup-temp-allocator-size-background-worker=32768"
    "memorysetup-temp-allocator-size-job-worker=262144"
    "memorysetup-temp-allocator-size-preload-manager=33554432"
    "memorysetup-temp-allocator-size-nav-mesh-worker=65536"
    "memorysetup-temp-allocator-size-audio-worker=65536"
    "memorysetup-temp-allocator-size-cloud-worker=32768"
    "memorysetup-temp-allocator-size-gi-baking-worker=262144"
    "memorysetup-temp-allocator-size-gfx=262144"
Refreshing native plugins compatible for Editor in 68.81 ms, found 2 plugins.
Preloading 0 native plugins for Editor in 0.00 ms.
Initialize engine version: 2021.3.7f1 (24e8595d6d43)
[Subsystems] Discovering subsystems at path /Applications/Unity/Hub/Editor/2021.3.7f1/Unity.app/Contents/Resources/UnitySubsystems
[Subsystems] Discovering subsystems at path /Users/ronald/Desktop/Unity/Unity Programing Course/Junior Programmer/CheckPoints/Theory-Programming-Repo/FlightSimulator/Assets
GfxDevice: creating device client; threaded=0; jobified=0
 preferred device: Apple M1 (high power)
Metal devices available: 1
0: Apple M1 (high power)
Using device Apple M1 (high power)
Initializing Metal device caps: Apple M1
Initialize mono
Mono path[0] = '/Applications/Unity/Hub/Editor/2021.3.7f1/Unity.app/Contents/Managed'
Mono path[1] = '/Applications/Unity/Hub/Editor/2021.3.7f1/Unity.app/Contents/MonoBleedingEdge/lib/mono/unityjit-macos'
Mono config path = '/Applications/Unity/Hub/Editor/2021.3.7f1/Unity.app/Contents/MonoBleedingEdge/etc'
Using monoOptions --debugger-agent=transport=dt_socket,embedding=1,server=y,suspend=n,address=127.0.0.1:56250
Begin MonoManager ReloadAssembly
Registering precompiled unity dll's ...
Register platform support module: /Applications/Unity/Hub/Editor/2021.3.7f1/PlaybackEngines/WebGLSupport/UnityEditor.WebGL.Extensions.dll
Register platform support module: /Applications/Unity/Hub/Editor/2021.3.7f1/Unity.app/Contents/PlaybackEngines/MacStandaloneSupport/UnityEditor.OSXStandalone.Extensions.dll
Register platform support module: /Applications/Unity/Hub/Editor/2021.3.7f1/PlaybackEngines/AndroidPlayer/UnityEditor.Android.Extensions.dll
Register platform support module: /Applications/Unity/Hub/Editor/2021.3.7f1/PlaybackEngines/WindowsStandaloneSupport/UnityEditor.WindowsStandalone.Extensions.dll
Registered in 0.001262 seconds.
Native extension for WindowsStandalone target not found
Native extension for Android target not found
Native extension for OSXStandalone target not found
Native extension for WebGL target not found
Refreshing native plugins compatible for Editor in 72.20 ms, found 2 plugins.
Preloading 0 native plugins for Editor in 0.00 ms.
Mono: successfully reloaded assembly
- Completed reload, in  0.433 seconds
Domain Reload Profiling:
	ReloadAssembly (433ms)
		BeginReloadAssembly (45ms)
			ExecutionOrderSort (0ms)
			DisableScriptedObjects (0ms)
			BackupInstance (0ms)
			ReleaseScriptingObjects (0ms)
			CreateAndSetChildDomain (0ms)
		EndReloadAssembly (320ms)
			LoadAssemblies (45ms)
			RebuildTransferFunctionScriptingTraits (0ms)
			SetupTypeCache (71ms)
			ReleaseScriptCaches (0ms)
			RebuildScriptCaches (18ms)
			SetupLoadedEditorAssemblies (204ms)
				LogAssemblyErrors (0ms)
				InitializePlatformSupportModulesInManaged (26ms)
				SetLoadedEditorAssemblies (0ms)
				RefreshPlugins (72ms)
				BeforeProcessingInitializeOnLoad (1ms)
				ProcessInitializeOnLoadAttributes (80ms)
				ProcessInitializeOnLoadMethodAttributes (24ms)
				AfterProcessingInitializeOnLoad (0ms)
				EditorAssembliesLoaded (0ms)
			ExecutionOrderSort2 (0ms)
			AwakeInstancesAfterBackupRestoration (0ms)
Platform modules already initialized, skipping
Registering precompiled user dll's ...
Registered in 0.002974 seconds.
Begin MonoManager ReloadAssembly
Symbol file LoadedFromMemory doesn't match image /Users/ronald/Desktop/Unity/Unity Programing Course/Junior Programmer/CheckPoints/Theory-Programming-Repo/FlightSimulator/Library/PackageCache/com.unity.visualscripting@1.7.8/Editor/VisualScripting.Core/Dependencies/YamlDotNet/Unity.VisualScripting.YamlDotNet.dll
Symbol file LoadedFromMemory doesn't match image /Users/ronald/Desktop/Unity/Unity Programing Course/Junior Programmer/CheckPoints/Theory-Programming-Repo/FlightSimulator/Library/PackageCache/com.unity.visualscripting@1.7.8/Editor/VisualScripting.Core/Dependencies/DotNetZip/Unity.VisualScripting.IonicZip.dll
Native extension for WindowsStandalone target not found
Native extension for Android target not found
Native extension for OSXStandalone target not found
Native extension for WebGL target not found
Refreshing native plugins compatible for Editor in 0.41 ms, found 2 plugins.
Preloading 0 native plugins for Editor in 0.00 ms.
Mono: successfully reloaded assembly
- Completed reload, in  0.620 seconds
Domain Reload Profiling:
	ReloadAssembly (621ms)
		BeginReloadAssembly (52ms)
			ExecutionOrderSort (0ms)
			DisableScriptedObjects (3ms)
			BackupInstance (0ms)
			ReleaseScriptingObjects (0ms)
			CreateAndSetChildDomain (13ms)
		EndReloadAssembly (499ms)
			LoadAssemblies (36ms)
			RebuildTransferFunctionScriptingTraits (0ms)
			SetupTypeCache (173ms)
			ReleaseScriptCaches (0ms)
			RebuildScriptCaches (34ms)
			SetupLoadedEditorAssemblies (229ms)
				LogAssemblyErrors (0ms)
				InitializePlatformSupportModulesInManaged (8ms)
				SetLoadedEditorAssemblies (0ms)
				RefreshPlugins (0ms)
				BeforeProcessingInitializeOnLoad (58ms)
				ProcessInitializeOnLoadAttributes (145ms)
				ProcessInitializeOnLoadMethodAttributes (16ms)
				AfterProcessingInitializeOnLoad (1ms)
				EditorAssembliesLoaded (0ms)
			ExecutionOrderSort2 (0ms)
			AwakeInstancesAfterBackupRestoration (2ms)
Platform modules already initialized, skipping
========================================================================
Worker process is ready to serve import requests
Launching external process: /Applications/Unity/Hub/Editor/2021.3.7f1/Unity.app/Contents/Tools/UnityShaderCompiler
Launched and connected shader compiler UnityShaderCompiler after 0.30 seconds
Refreshing native plugins compatible for Editor in 0.47 ms, found 2 plugins.
Preloading 0 native plugins for Editor in 0.00 ms.
Unloading 3431 Unused Serialized files (Serialized files now loaded: 0)
Unloading 27 unused Assets / (94.7 KB). Loaded Objects now: 3893.
Memory consumption went from 293.9 MB to 293.8 MB.
Total: 4.940000 ms (FindLiveObjects: 0.229542 ms CreateObjectMapping: 0.061333 ms MarkObjects: 4.541417 ms  DeleteObjects: 0.106875 ms)

AssetImportParameters requested are different than current active one (requested -> active):
  custom:video-decoder-ogg-theora: a1e56fd34408186e4bbccfd4996cb3dc -> 
  custom:container-muxer-webm: aa71ff27fc2769a1b78a27578f13a17b -> 
  custom:container-demuxer-webm: 4f35f7cbe854078d1ac9338744f61a02 -> 
  custom:video-encoder-webm-vp8: eb34c28f22e8b96e1ab97ce403110664 -> 
  custom:framework-osx-AVFoundation: e770b220cccbd017edd2c1fefb359320 -> 
  custom:audio-encoder-webm-vorbis: bf7c407c2cedff20999df2af8eb42d56 -> 
  custom:container-demuxer-ogg: 62fdf1f143b41e24485cea50d1cbac27 -> 
  custom:video-decoder-webm-vp8: 9c59270c3fd7afecdb556c50c9e8de78 -> 
  custom:audio-decoder-ogg-vorbis: bf7c407c2cedff20999df2af8eb42d56 -> 
========================================================================
Received Prepare
Registering precompiled user dll's ...
Registered in 0.001526 seconds.
Begin MonoManager ReloadAssembly
Thread 0x28a197000 may have been prematurely finalized
Symbol file LoadedFromMemory doesn't match image /Users/ronald/Desktop/Unity/Unity Programing Course/Junior Programmer/CheckPoints/Theory-Programming-Repo/FlightSimulator/Library/PackageCache/com.unity.visualscripting@1.7.8/Editor/VisualScripting.Core/Dependencies/YamlDotNet/Unity.VisualScripting.YamlDotNet.dll
Symbol file LoadedFromMemory doesn't match image /Users/ronald/Desktop/Unity/Unity Programing Course/Junior Programmer/CheckPoints/Theory-Programming-Repo/FlightSimulator/Library/PackageCache/com.unity.visualscripting@1.7.8/Editor/VisualScripting.Core/Dependencies/DotNetZip/Unity.VisualScripting.IonicZip.dll
Native extension for WindowsStandalone target not found
Native extension for Android target not found
Native extension for OSXStandalone target not found
Native extension for WebGL target not found
Refreshing native plugins compatible for Editor in 0.38 ms, found 2 plugins.
Preloading 0 native plugins for Editor in 0.00 ms.
Mono: successfully reloaded assembly
- Completed reload, in  0.678 seconds
Domain Reload Profiling:
	ReloadAssembly (678ms)
		BeginReloadAssembly (157ms)
			ExecutionOrderSort (0ms)
			DisableScriptedObjects (4ms)
			BackupInstance (0ms)
			ReleaseScriptingObjects (0ms)
			CreateAndSetChildDomain (51ms)
		EndReloadAssembly (459ms)
			LoadAssemblies (79ms)
			RebuildTransferFunctionScriptingTraits (0ms)
			SetupTypeCache (171ms)
			ReleaseScriptCaches (1ms)
			RebuildScriptCaches (25ms)
			SetupLoadedEditorAssemblies (198ms)
				LogAssemblyErrors (0ms)
				InitializePlatformSupportModulesInManaged (10ms)
				SetLoadedEditorAssemblies (0ms)
				RefreshPlugins (0ms)
				BeforeProcessingInitializeOnLoad (39ms)
				ProcessInitializeOnLoadAttributes (132ms)
				ProcessInitializeOnLoadMethodAttributes (15ms)
				AfterProcessingInitializeOnLoad (1ms)
				EditorAssembliesLoaded (0ms)
			ExecutionOrderSort2 (0ms)
			AwakeInstancesAfterBackupRestoration (2ms)
Platform modules already initialized, skipping
Refreshing native plugins compatible for Editor in 0.74 ms, found 2 plugins.
Preloading 0 native plugins for Editor in 0.00 ms.
Unloading 3413 Unused Serialized files (Serialized files now loaded: 0)
Unloading 20 unused Assets / (71.7 KB). Loaded Objects now: 3896.
Memory consumption went from 292.6 MB to 292.6 MB.
Total: 2.062125 ms (FindLiveObjects: 0.102875 ms CreateObjectMapping: 0.039458 ms MarkObjects: 1.854959 ms  DeleteObjects: 0.064167 ms)

AssetImportParameters requested are different than current active one (requested -> active):
  custom:video-decoder-ogg-theora: a1e56fd34408186e4bbccfd4996cb3dc -> 
  custom:container-muxer-webm: aa71ff27fc2769a1b78a27578f13a17b -> 
  custom:container-demuxer-webm: 4f35f7cbe854078d1ac9338744f61a02 -> 
  custom:video-encoder-webm-vp8: eb34c28f22e8b96e1ab97ce403110664 -> 
  custom:framework-osx-AVFoundation: e770b220cccbd017edd2c1fefb359320 -> 
  custom:audio-encoder-webm-vorbis: bf7c407c2cedff20999df2af8eb42d56 -> 
  custom:container-demuxer-ogg: 62fdf1f143b41e24485cea50d1cbac27 -> 
  custom:video-decoder-webm-vp8: 9c59270c3fd7afecdb556c50c9e8de78 -> 
  custom:audio-decoder-ogg-vorbis: bf7c407c2cedff20999df2af8eb42d56 -> 
========================================================================
Received Prepare
Registering precompiled user dll's ...
Registered in 0.001530 seconds.
Begin MonoManager ReloadAssembly
Thread 0x28a197000 may have been prematurely finalized
Symbol file LoadedFromMemory doesn't match image /Users/ronald/Desktop/Unity/Unity Programing Course/Junior Programmer/CheckPoints/Theory-Programming-Repo/FlightSimulator/Library/PackageCache/com.unity.visualscripting@1.7.8/Editor/VisualScripting.Core/Dependencies/YamlDotNet/Unity.VisualScripting.YamlDotNet.dll
Symbol file LoadedFromMemory doesn't match image /Users/ronald/Desktop/Unity/Unity Programing Course/Junior Programmer/CheckPoints/Theory-Programming-Repo/FlightSimulator/Library/PackageCache/com.unity.visualscripting@1.7.8/Editor/VisualScripting.Core/Dependencies/DotNetZip/Unity.VisualScripting.IonicZip.dll
Native extension for WindowsStandalone target not found
Native extension for Android target not found
Native extension for OSXStandalone target not found
Native extension for WebGL target not found
Refreshing native plugins compatible for Editor in 0.31 ms, found 2 plugins.
Preloading 0 native plugins for Editor in 0.00 ms.
Mono: successfully reloaded assembly
- Completed reload, in  0.654 seconds
Domain Reload Profiling:
	ReloadAssembly (661ms)
		BeginReloadAssembly (110ms)
			ExecutionOrderSort (0ms)
			DisableScriptedObjects (3ms)
			BackupInstance (0ms)
			ReleaseScriptingObjects (0ms)
			CreateAndSetChildDomain (31ms)
		EndReloadAssembly (467ms)
			LoadAssemblies (46ms)
			RebuildTransferFunctionScriptingTraits (0ms)
			SetupTypeCache (174ms)
			ReleaseScriptCaches (1ms)
			RebuildScriptCaches (26ms)
			SetupLoadedEditorAssemblies (190ms)
				LogAssemblyErrors (0ms)
				InitializePlatformSupportModulesInManaged (10ms)
				SetLoadedEditorAssemblies (0ms)
				RefreshPlugins (0ms)
				BeforeProcessingInitializeOnLoad (39ms)
				ProcessInitializeOnLoadAttributes (125ms)
				ProcessInitializeOnLoadMethodAttributes (14ms)
				AfterProcessingInitializeOnLoad (2ms)
				EditorAssembliesLoaded (0ms)
			ExecutionOrderSort2 (0ms)
			AwakeInstancesAfterBackupRestoration (2ms)
Platform modules already initialized, skipping
Refreshing native plugins compatible for Editor in 0.86 ms, found 2 plugins.
Preloading 0 native plugins for Editor in 0.00 ms.
Unloading 3413 Unused Serialized files (Serialized files now loaded: 0)
Unloading 20 unused Assets / (71.8 KB). Loaded Objects now: 3899.
Memory consumption went from 292.7 MB to 292.6 MB.
Total: 2.235375 ms (FindLiveObjects: 0.119167 ms CreateObjectMapping: 0.048458 ms MarkObjects: 2.001292 ms  DeleteObjects: 0.066084 ms)

AssetImportParameters requested are different than current active one (requested -> active):
  custom:video-decoder-ogg-theora: a1e56fd34408186e4bbccfd4996cb3dc -> 
  custom:container-muxer-webm: aa71ff27fc2769a1b78a27578f13a17b -> 
  custom:container-demuxer-webm: 4f35f7cbe854078d1ac9338744f61a02 -> 
  custom:video-encoder-webm-vp8: eb34c28f22e8b96e1ab97ce403110664 -> 
  custom:framework-osx-AVFoundation: e770b220cccbd017edd2c1fefb359320 -> 
  custom:audio-encoder-webm-vorbis: bf7c407c2cedff20999df2af8eb42d56 -> 
  custom:container-demuxer-ogg: 62fdf1f143b41e24485cea50d1cbac27 -> 
  custom:video-decoder-webm-vp8: 9c59270c3fd7afecdb556c50c9e8de78 -> 
  custom:audio-decoder-ogg-vorbis: bf7c407c2cedff20999df2af8eb42d56 -> 
========================================================================
Received Import Request.
  Time since last request: 2542059.548139 seconds.
  path: Assets/Scripts/Animal1.cs
  artifactKey: Guid(f5ad745f5f78b4f6c9d3c48da8a03d70) Importer(815301076,1909f56bfc062723c751e8b465ee728b)
Start importing Assets/Scripts/Animal1.cs using Guid(f5ad745f5f78b4f6c9d3c48da8a03d70) Importer(815301076,1909f56bfc062723c751e8b465ee728b)  -> (artifact id: '3e6f8ea6776bc11628987ca5ae62fe69') in 0.085120 seconds 
========================================================================
Received Import Request.
  Time since last request: 4570.949132 seconds.
  path: Assets/Animal_Fox_01.prefab
  artifactKey: Guid(5362e6150f5fc4c89aace72bb35e50ba) Importer(815301076,1909f56bfc062723c751e8b465ee728b)
Start importing Assets/Animal_Fox_01.prefab using Guid(5362e6150f5fc4c89aace72bb35e50ba) Importer(815301076,1909f56bfc062723c751e8b465ee728b)  -> (artifact id: '6a4166bdfb397bb4e85a7c3cb5c7aeab') in 0.710688 seconds 
========================================================================
Received Import Request.
  Time since last request: 17.755871 seconds.
  path: Assets
  artifactKey: Guid(00000000000000001000000000000000) Importer(815301076,1909f56bfc062723c751e8b465ee728b)
Start importing Assets using Guid(00000000000000001000000000000000) Importer(815301076,1909f56bfc062723c751e8b465ee728b)  -> (artifact id: '79842766b460edbeab6a34051e857a80') in 0.003101 seconds 
========================================================================
Received Import Request.
  Time since last request: 5.855851 seconds.
  path: Assets/Animal_Fox_01.prefab
  artifactKey: Guid(5362e6150f5fc4c89aace72bb35e50ba) Importer(815301076,1909f56bfc062723c751e8b465ee728b)
Start importing Assets/Animal_Fox_01.prefab using Guid(5362e6150f5fc4c89aace72bb35e50ba) Importer(815301076,1909f56bfc062723c751e8b465ee728b)  -> (artifact id: 'f843246f8c49a2881850387a0dba76dc') in 0.017841 seconds 
========================================================================
Received Import Request.
  Time since last request: 35.578598 seconds.
  path: Assets/Animal_Fox_01.prefab
  artifactKey: Guid(5362e6150f5fc4c89aace72bb35e50ba) Importer(815301076,1909f56bfc062723c751e8b465ee728b)
Start importing Assets/Animal_Fox_01.prefab using Guid(5362e6150f5fc4c89aace72bb35e50ba) Importer(815301076,1909f56bfc062723c751e8b465ee728b)  -> (artifact id: '6f1f240c1c7aa9412a9adc26d036a69e') in 0.044456 seconds 
========================================================================
Received Import Request.
  Time since last request: 67.324560 seconds.
  path: Assets/Animal_Fox_02.prefab
  artifactKey: Guid(8fe3ba970b8d644b7bd034113bb86a4e) Importer(815301076,1909f56bfc062723c751e8b465ee728b)
Start importing Assets/Animal_Fox_02.prefab using Guid(8fe3ba970b8d644b7bd034113bb86a4e) Importer(815301076,1909f56bfc062723c751e8b465ee728b)  -> (artifact id: 'b8364a97e1e93300766035953d552232') in 0.037780 seconds 
========================================================================
Received Import Request.
  Time since last request: 20.403238 seconds.
  path: Assets/SFA_Animal_Fox.controller
  artifactKey: Guid(1193d88685b9a424cba4f79e463ec458) Importer(815301076,1909f56bfc062723c751e8b465ee728b)
Start importing Assets/SFA_Animal_Fox.controller using Guid(1193d88685b9a424cba4f79e463ec458) Importer(815301076,1909f56bfc062723c751e8b465ee728b)  -> (artifact id: '137d8d9f08a500f9a7355b8a67f59dab') in 0.071497 seconds 
========================================================================
Received Import Request.
  Time since last request: 4.018544 seconds.
  path: Assets/Animal_Fox_02.prefab
  artifactKey: Guid(8fe3ba970b8d644b7bd034113bb86a4e) Importer(815301076,1909f56bfc062723c751e8b465ee728b)
Start importing Assets/Animal_Fox_02.prefab using Guid(8fe3ba970b8d644b7bd034113bb86a4e) Importer(815301076,1909f56bfc062723c751e8b465ee728b)  -> (artifact id: '33f9ba3b9bceac6ceb6cda1cf3121acc') in 0.006254 seconds 
========================================================================
Received Import Request.
  Time since last request: 40.628728 seconds.
  path: Assets/Fox.fbx
  artifactKey: Guid(0f2241cf2f2bd46e787c084b20ebe762) Importer(815301076,1909f56bfc062723c751e8b465ee728b)
Start importing Assets/Fox.fbx using Guid(0f2241cf2f2bd46e787c084b20ebe762) Importer(815301076,1909f56bfc062723c751e8b465ee728b)  -> (artifact id: 'e4fe91d69eb437a7c769b7cf696909ba') in 0.453006 seconds 
========================================================================
Received Import Request.
  Time since last request: 232.777687 seconds.
  path: Assets/Runemark Studio
  artifactKey: Guid(d7087242a2c7c48d9a82f5b7cab23095) Importer(815301076,1909f56bfc062723c751e8b465ee728b)
Start importing Assets/Runemark Studio using Guid(d7087242a2c7c48d9a82f5b7cab23095) Importer(815301076,1909f56bfc062723c751e8b465ee728b)  -> (artifact id: '1b35e0ca04d80579a8e0e15dbc710387') in 0.002214 seconds 
========================================================================
Received Import Request.
  Time since last request: 0.344603 seconds.
  path: Assets/Runemark Studio/Origami Pack
  artifactKey: Guid(392fc905751df16449dbc20abe966371) Importer(815301076,1909f56bfc062723c751e8b465ee728b)
Start importing Assets/Runemark Studio/Origami Pack using Guid(392fc905751df16449dbc20abe966371) Importer(815301076,1909f56bfc062723c751e8b465ee728b)  -> (artifact id: '65e44c2b3d3d67df4665cb29ff5da013') in 0.001394 seconds 
========================================================================
Received Import Request.
  Time since last request: 2.475567 seconds.
  path: Assets/Runemark Studio/Origami Pack/Prefabs/Dog.prefab
  artifactKey: Guid(821bdb56c4110c841816df2632335cc6) Importer(815301076,1909f56bfc062723c751e8b465ee728b)
Start importing Assets/Runemark Studio/Origami Pack/Prefabs/Dog.prefab using Guid(821bdb56c4110c841816df2632335cc6) Importer(815301076,1909f56bfc062723c751e8b465ee728b)  -> (artifact id: 'c439e068529bb1bcb1fe82d8a84ede8a') in 0.043696 seconds 
========================================================================
Received Import Request.
  Time since last request: 7.426577 seconds.
  path: Assets/Runemark Studio/Origami Pack/Prefabs/Dragon.prefab
  artifactKey: Guid(e852a6b66b86e9a4ea1fdeb1ccc625bc) Importer(815301076,1909f56bfc062723c751e8b465ee728b)
Start importing Assets/Runemark Studio/Origami Pack/Prefabs/Dragon.prefab using Guid(e852a6b66b86e9a4ea1fdeb1ccc625bc) Importer(815301076,1909f56bfc062723c751e8b465ee728b)  -> (artifact id: '2b89908b55750cc876e6d842857062f8') in 0.011704 seconds 
========================================================================
Received Import Request.
  Time since last request: 2.890915 seconds.
  path: Assets/Runemark Studio/Origami Pack/Prefabs/Goat.prefab
  artifactKey: Guid(4e58ae21638664c40b41bfceac2427a0) Importer(815301076,1909f56bfc062723c751e8b465ee728b)
Start importing Assets/Runemark Studio/Origami Pack/Prefabs/Goat.prefab using Guid(4e58ae21638664c40b41bfceac2427a0) Importer(815301076,1909f56bfc062723c751e8b465ee728b)  -> (artifact id: 'c9ea6d114e81c5d05b545def1e5d9758') in 0.013567 seconds 
========================================================================
Received Import Request.
  Time since last request: 0.511745 seconds.
  path: Assets/Runemark Studio/Origami Pack/Prefabs/Horse.prefab
  artifactKey: Guid(5d891f94d48551e439ac5b24a9ec00cc) Importer(815301076,1909f56bfc062723c751e8b465ee728b)
Start importing Assets/Runemark Studio/Origami Pack/Prefabs/Horse.prefab using Guid(5d891f94d48551e439ac5b24a9ec00cc) Importer(815301076,1909f56bfc062723c751e8b465ee728b)  -> (artifact id: '433db5186d1a5f1eb0cdae8b8de83f06') in 0.012206 seconds 
========================================================================
Received Import Request.
  Time since last request: 0.794743 seconds.
  path: Assets/Runemark Studio/Origami Pack/Prefabs/Monkey.prefab
  artifactKey: Guid(13ab75576c9285f498790e76c1a87c90) Importer(815301076,1909f56bfc062723c751e8b465ee728b)
Start importing Assets/Runemark Studio/Origami Pack/Prefabs/Monkey.prefab using Guid(13ab75576c9285f498790e76c1a87c90) Importer(815301076,1909f56bfc062723c751e8b465ee728b)  -> (artifact id: '78cdc538d380d547c70807a0627369ec') in 0.009509 seconds 
========================================================================
Received Import Request.
  Time since last request: 1.070866 seconds.
  path: Assets/Runemark Studio/Origami Pack/Prefabs/Ox.prefab
  artifactKey: Guid(542eac6dcaa12ba4aae6437db06b46ee) Importer(815301076,1909f56bfc062723c751e8b465ee728b)
Start importing Assets/Runemark Studio/Origami Pack/Prefabs/Ox.prefab using Guid(542eac6dcaa12ba4aae6437db06b46ee) Importer(815301076,1909f56bfc062723c751e8b465ee728b)  -> (artifact id: '4ba39ce5c09a3721588ebc044bd3599c') in 0.009928 seconds 
========================================================================
Received Import Request.
  Time since last request: 0.912707 seconds.
  path: Assets/Runemark Studio/Origami Pack/Prefabs/Pig.prefab
  artifactKey: Guid(4242dcc21ff0bc1479e2bde7b663c464) Importer(815301076,1909f56bfc062723c751e8b465ee728b)
Start importing Assets/Runemark Studio/Origami Pack/Prefabs/Pig.prefab using Guid(4242dcc21ff0bc1479e2bde7b663c464) Importer(815301076,1909f56bfc062723c751e8b465ee728b)  -> (artifact id: '16b96aaa88694852eed0902f21442935') in 0.008535 seconds 
========================================================================
Received Import Request.
  Time since last request: 0.668272 seconds.
  path: Assets/Runemark Studio/Origami Pack/Prefabs/Rabbit.prefab
  artifactKey: Guid(36dbe61bd75ee1247b4f749534847ff0) Importer(815301076,1909f56bfc062723c751e8b465ee728b)
Start importing Assets/Runemark Studio/Origami Pack/Prefabs/Rabbit.prefab using Guid(36dbe61bd75ee1247b4f749534847ff0) Importer(815301076,1909f56bfc062723c751e8b465ee728b)  -> (artifact id: '9a33969a7174b9d7260e5093b95796df') in 0.009281 seconds 
========================================================================
Received Import Request.
  Time since last request: 1.820722 seconds.
  path: Assets/Runemark Studio/Origami Pack/Prefabs/Rat.prefab
  artifactKey: Guid(3cc9be1e4de713c4192e87916b6bab03) Importer(815301076,1909f56bfc062723c751e8b465ee728b)
Start importing Assets/Runemark Studio/Origami Pack/Prefabs/Rat.prefab using Guid(3cc9be1e4de713c4192e87916b6bab03) Importer(815301076,1909f56bfc062723c751e8b465ee728b)  -> (artifact id: '2e806458c9876c89f0d2029261686372') in 0.008939 seconds 
========================================================================
Received Import Request.
  Time since last request: 1.102961 seconds.
  path: Assets/Runemark Studio/Origami Pack/Prefabs/Rooster.prefab
  artifactKey: Guid(96bace41c6a85b6479d537902bdcd0e8) Importer(815301076,1909f56bfc062723c751e8b465ee728b)
Start importing Assets/Runemark Studio/Origami Pack/Prefabs/Rooster.prefab using Guid(96bace41c6a85b6479d537902bdcd0e8) Importer(815301076,1909f56bfc062723c751e8b465ee728b)  -> (artifact id: 'f9721ec4907e0a1bf94e1b603bd852ca') in 0.009407 seconds 
========================================================================
Received Import Request.
  Time since last request: 1.256384 seconds.
  path: Assets/Runemark Studio/Origami Pack/Prefabs/Snake.prefab
  artifactKey: Guid(a14fff62ccb8dfb4cb30aa2440d7e680) Importer(815301076,1909f56bfc062723c751e8b465ee728b)
Start importing Assets/Runemark Studio/Origami Pack/Prefabs/Snake.prefab using Guid(a14fff62ccb8dfb4cb30aa2440d7e680) Importer(815301076,1909f56bfc062723c751e8b465ee728b)  -> (artifact id: 'e95172b2c2e158afad99dfbf8e4c46a1') in 0.009113 seconds 
========================================================================
Received Import Request.
  Time since last request: 3.114927 seconds.
  path: Assets/Runemark Studio/Origami Pack/Prefabs/Tiger.prefab
  artifactKey: Guid(fb573fe406c53c740acf51407165ee68) Importer(815301076,1909f56bfc062723c751e8b465ee728b)
Start importing Assets/Runemark Studio/Origami Pack/Prefabs/Tiger.prefab using Guid(fb573fe406c53c740acf51407165ee68) Importer(815301076,1909f56bfc062723c751e8b465ee728b)  -> (artifact id: 'fb9af685d0ccfbe019144419c58a97b3') in 0.010552 seconds 
========================================================================
Received Import Request.
  Time since last request: 29.339861 seconds.
  path: Assets/Prefabs/A2.prefab
  artifactKey: Guid(b88f658e50f674fb1930f61f7ea43fb3) Importer(815301076,1909f56bfc062723c751e8b465ee728b)
Start importing Assets/Prefabs/A2.prefab using Guid(b88f658e50f674fb1930f61f7ea43fb3) Importer(815301076,1909f56bfc062723c751e8b465ee728b)  -> (artifact id: '36d9d9d40e410f86bfeb0fff94dee5ac') in 0.074469 seconds 
========================================================================
Received Import Request.
  Time since last request: 42.965935 seconds.
  path: Assets/Scenes/TitleScreen.unity
  artifactKey: Guid(9fc0d4010bbf28b4594072e72b8655ab) Importer(815301076,1909f56bfc062723c751e8b465ee728b)
Start importing Assets/Scenes/TitleScreen.unity using Guid(9fc0d4010bbf28b4594072e72b8655ab) Importer(815301076,1909f56bfc062723c751e8b465ee728b)  -> (artifact id: 'b4aa0f4fa6facce35995a69213c21e81') in 0.012849 seconds 
========================================================================
Received Import Request.
  Time since last request: 13.621524 seconds.
  path: Assets/Prefabs/A1.prefab
  artifactKey: Guid(3abaeba89709740e0b44a4710e8cd678) Importer(815301076,1909f56bfc062723c751e8b465ee728b)
Start importing Assets/Prefabs/A1.prefab using Guid(3abaeba89709740e0b44a4710e8cd678) Importer(815301076,1909f56bfc062723c751e8b465ee728b)  -> (artifact id: 'b505af389e0193d4a21032f27acdbbfa') in 0.054139 seconds 
========================================================================
Received Prepare
Registering precompiled user dll's ...
Registered in 0.001511 seconds.
Begin MonoManager ReloadAssembly
Thread 0x16fc67000 may have been prematurely finalized
Symbol file LoadedFromMemory doesn't match image /Users/ronald/Desktop/Unity/Unity Programing Course/Junior Programmer/CheckPoints/Theory-Programming-Repo/FlightSimulator/Library/PackageCache/com.unity.visualscripting@1.7.8/Editor/VisualScripting.Core/Dependencies/YamlDotNet/Unity.VisualScripting.YamlDotNet.dll
Symbol file LoadedFromMemory doesn't match image /Users/ronald/Desktop/Unity/Unity Programing Course/Junior Programmer/CheckPoints/Theory-Programming-Repo/FlightSimulator/Library/PackageCache/com.unity.visualscripting@1.7.8/Editor/VisualScripting.Core/Dependencies/DotNetZip/Unity.VisualScripting.IonicZip.dll
Native extension for WindowsStandalone target not found
Native extension for Android target not found
Native extension for OSXStandalone target not found
Native extension for WebGL target not found
Refreshing native plugins compatible for Editor in 0.56 ms, found 2 plugins.
Preloading 0 native plugins for Editor in 0.00 ms.
Mono: successfully reloaded assembly
- Completed reload, in  0.789 seconds
Domain Reload Profiling:
	ReloadAssembly (789ms)
		BeginReloadAssembly (166ms)
			ExecutionOrderSort (0ms)
			DisableScriptedObjects (9ms)
			BackupInstance (0ms)
			ReleaseScriptingObjects (0ms)
			CreateAndSetChildDomain (66ms)
		EndReloadAssembly (556ms)
			LoadAssemblies (74ms)
			RebuildTransferFunctionScriptingTraits (0ms)
			SetupTypeCache (219ms)
			ReleaseScriptCaches (1ms)
			RebuildScriptCaches (33ms)
			SetupLoadedEditorAssemblies (224ms)
				LogAssemblyErrors (0ms)
				InitializePlatformSupportModulesInManaged (12ms)
				SetLoadedEditorAssemblies (0ms)
				RefreshPlugins (1ms)
				BeforeProcessingInitializeOnLoad (48ms)
				ProcessInitializeOnLoadAttributes (146ms)
				ProcessInitializeOnLoadMethodAttributes (15ms)
				AfterProcessingInitializeOnLoad (1ms)
				EditorAssembliesLoaded (0ms)
			ExecutionOrderSort2 (0ms)
			AwakeInstancesAfterBackupRestoration (3ms)
Platform modules already initialized, skipping
Refreshing native plugins compatible for Editor in 1.67 ms, found 2 plugins.
Preloading 0 native plugins for Editor in 0.00 ms.
Unloading 3413 Unused Serialized files (Serialized files now loaded: 0)
Unloading 20 unused Assets / (71.7 KB). Loaded Objects now: 3946.
Memory consumption went from 327.8 MB to 327.7 MB.
Total: 7.578917 ms (FindLiveObjects: 0.176083 ms CreateObjectMapping: 0.089959 ms MarkObjects: 7.207208 ms  DeleteObjects: 0.104958 ms)

AssetImportParameters requested are different than current active one (requested -> active):
  custom:video-decoder-ogg-theora: a1e56fd34408186e4bbccfd4996cb3dc -> 
  custom:container-muxer-webm: aa71ff27fc2769a1b78a27578f13a17b -> 
  custom:container-demuxer-webm: 4f35f7cbe854078d1ac9338744f61a02 -> 
  custom:video-encoder-webm-vp8: eb34c28f22e8b96e1ab97ce403110664 -> 
  custom:framework-osx-AVFoundation: e770b220cccbd017edd2c1fefb359320 -> 
  custom:audio-encoder-webm-vorbis: bf7c407c2cedff20999df2af8eb42d56 -> 
  custom:container-demuxer-ogg: 62fdf1f143b41e24485cea50d1cbac27 -> 
  custom:video-decoder-webm-vp8: 9c59270c3fd7afecdb556c50c9e8de78 -> 
  custom:audio-decoder-ogg-vorbis: bf7c407c2cedff20999df2af8eb42d56 -> 
========================================================================
Received Import Request.
  Time since last request: 42.654135 seconds.
  path: Assets/Prefabs/A2.prefab
  artifactKey: Guid(b88f658e50f674fb1930f61f7ea43fb3) Importer(815301076,1909f56bfc062723c751e8b465ee728b)
Start importing Assets/Prefabs/A2.prefab using Guid(b88f658e50f674fb1930f61f7ea43fb3) Importer(815301076,1909f56bfc062723c751e8b465ee728b)  -> (artifact id: 'f3d4dd790cc8395bf9e3a647c37e6472') in 0.088323 seconds 
========================================================================
Received Import Request.
  Time since last request: 0.247201 seconds.
  path: Assets/Prefabs/A3.prefab
  artifactKey: Guid(ddc5412b8ec8747c0bd71d4e7f4d6c27) Importer(815301076,1909f56bfc062723c751e8b465ee728b)
Start importing Assets/Prefabs/A3.prefab using Guid(ddc5412b8ec8747c0bd71d4e7f4d6c27) Importer(815301076,1909f56bfc062723c751e8b465ee728b)  -> (artifact id: '671fab2ba14350433aa739ce5b838233') in 0.009239 seconds 
========================================================================
Received Import Request.
  Time since last request: 9.868216 seconds.
  path: Assets/Prefabs/A1.prefab
  artifactKey: Guid(3abaeba89709740e0b44a4710e8cd678) Importer(815301076,1909f56bfc062723c751e8b465ee728b)
Start importing Assets/Prefabs/A1.prefab using Guid(3abaeba89709740e0b44a4710e8cd678) Importer(815301076,1909f56bfc062723c751e8b465ee728b)  -> (artifact id: '246f5a1ec8ebb1f2d9a0ed08428d02fc') in 0.011216 seconds 
========================================================================
Received Prepare
Registering precompiled user dll's ...
Registered in 0.001523 seconds.
Begin MonoManager ReloadAssembly
Thread 0x16f5d7000 may have been prematurely finalized
Symbol file LoadedFromMemory doesn't match image /Users/ronald/Desktop/Unity/Unity Programing Course/Junior Programmer/CheckPoints/Theory-Programming-Repo/FlightSimulator/Library/PackageCache/com.unity.visualscripting@1.7.8/Editor/VisualScripting.Core/Dependencies/YamlDotNet/Unity.VisualScripting.YamlDotNet.dll
Symbol file LoadedFromMemory doesn't match image /Users/ronald/Desktop/Unity/Unity Programing Course/Junior Programmer/CheckPoints/Theory-Programming-Repo/FlightSimulator/Library/PackageCache/com.unity.visualscripting@1.7.8/Editor/VisualScripting.Core/Dependencies/DotNetZip/Unity.VisualScripting.IonicZip.dll
Native extension for WindowsStandalone target not found
Native extension for Android target not found
Native extension for OSXStandalone target not found
Native extension for WebGL target not found
Refreshing native plugins compatible for Editor in 0.56 ms, found 2 plugins.
Preloading 0 native plugins for Editor in 0.00 ms.
Mono: successfully reloaded assembly
- Completed reload, in  0.722 seconds
Domain Reload Profiling:
	ReloadAssembly (722ms)
		BeginReloadAssembly (119ms)
			ExecutionOrderSort (0ms)
			DisableScriptedObjects (4ms)
			BackupInstance (0ms)
			ReleaseScriptingObjects (0ms)
			CreateAndSetChildDomain (52ms)
		EndReloadAssembly (537ms)
			LoadAssemblies (43ms)
			RebuildTransferFunctionScriptingTraits (0ms)
			SetupTypeCache (201ms)
			ReleaseScriptCaches (1ms)
			RebuildScriptCaches (33ms)
			SetupLoadedEditorAssemblies (223ms)
				LogAssemblyErrors (0ms)
				InitializePlatformSupportModulesInManaged (12ms)
				SetLoadedEditorAssemblies (0ms)
				RefreshPlugins (1ms)
				BeforeProcessingInitializeOnLoad (45ms)
				ProcessInitializeOnLoadAttributes (146ms)
				ProcessInitializeOnLoadMethodAttributes (18ms)
				AfterProcessingInitializeOnLoad (1ms)
				EditorAssembliesLoaded (0ms)
			ExecutionOrderSort2 (0ms)
			AwakeInstancesAfterBackupRestoration (3ms)
Platform modules already initialized, skipping
Refreshing native plugins compatible for Editor in 5.24 ms, found 2 plugins.
Preloading 0 native plugins for Editor in 0.00 ms.
Unloading 3413 Unused Serialized files (Serialized files now loaded: 0)
Unloading 20 unused Assets / (71.9 KB). Loaded Objects now: 3949.
Memory consumption went from 328.2 MB to 328.2 MB.
Total: 2.761208 ms (FindLiveObjects: 0.282625 ms CreateObjectMapping: 0.059833 ms MarkObjects: 2.327125 ms  DeleteObjects: 0.090792 ms)

AssetImportParameters requested are different than current active one (requested -> active):
  custom:video-decoder-ogg-theora: a1e56fd34408186e4bbccfd4996cb3dc -> 
  custom:container-muxer-webm: aa71ff27fc2769a1b78a27578f13a17b -> 
  custom:container-demuxer-webm: 4f35f7cbe854078d1ac9338744f61a02 -> 
  custom:video-encoder-webm-vp8: eb34c28f22e8b96e1ab97ce403110664 -> 
  custom:framework-osx-AVFoundation: e770b220cccbd017edd2c1fefb359320 -> 
  custom:audio-encoder-webm-vorbis: bf7c407c2cedff20999df2af8eb42d56 -> 
  custom:container-demuxer-ogg: 62fdf1f143b41e24485cea50d1cbac27 -> 
  custom:video-decoder-webm-vp8: 9c59270c3fd7afecdb556c50c9e8de78 -> 
  custom:audio-decoder-ogg-vorbis: bf7c407c2cedff20999df2af8eb42d56 -> 
========================================================================
Received Import Request.
  Time since last request: 30.323383 seconds.
  path: Assets/Prefabs/A1.prefab
  artifactKey: Guid(3abaeba89709740e0b44a4710e8cd678) Importer(815301076,1909f56bfc062723c751e8b465ee728b)
Start importing Assets/Prefabs/A1.prefab using Guid(3abaeba89709740e0b44a4710e8cd678) Importer(815301076,1909f56bfc062723c751e8b465ee728b)  -> (artifact id: '1e2308a82845ac2b18cff01e0d60ce4e') in 0.129971 seconds 
========================================================================
Received Import Request.
  Time since last request: 1.348054 seconds.
  path: Assets/Prefabs/A2.prefab
  artifactKey: Guid(b88f658e50f674fb1930f61f7ea43fb3) Importer(815301076,1909f56bfc062723c751e8b465ee728b)
Start importing Assets/Prefabs/A2.prefab using Guid(b88f658e50f674fb1930f61f7ea43fb3) Importer(815301076,1909f56bfc062723c751e8b465ee728b)  -> (artifact id: '6023fe5a0796e7363f8ff5cc303437b9') in 0.005737 seconds 
========================================================================
Received Import Request.
  Time since last request: 38.284665 seconds.
  path: Assets/Prefabs/A1.prefab
  artifactKey: Guid(3abaeba89709740e0b44a4710e8cd678) Importer(815301076,1909f56bfc062723c751e8b465ee728b)
Start importing Assets/Prefabs/A1.prefab using Guid(3abaeba89709740e0b44a4710e8cd678) Importer(815301076,1909f56bfc062723c751e8b465ee728b)  -> (artifact id: '110fbc4113dc406a1c24e03bb4e35493') in 0.055521 seconds 
========================================================================
Received Import Request.
  Time since last request: 6.435064 seconds.
  path: Assets/Prefabs/A2.prefab
  artifactKey: Guid(b88f658e50f674fb1930f61f7ea43fb3) Importer(815301076,1909f56bfc062723c751e8b465ee728b)
Start importing Assets/Prefabs/A2.prefab using Guid(b88f658e50f674fb1930f61f7ea43fb3) Importer(815301076,1909f56bfc062723c751e8b465ee728b)  -> (artifact id: '5e44b4b90e7d37917cee0e0741e4c963') in 0.009758 seconds 
========================================================================
Received Import Request.
  Time since last request: 8.513566 seconds.
  path: Assets/Prefabs/A3.prefab
  artifactKey: Guid(ddc5412b8ec8747c0bd71d4e7f4d6c27) Importer(815301076,1909f56bfc062723c751e8b465ee728b)
Start importing Assets/Prefabs/A3.prefab using Guid(ddc5412b8ec8747c0bd71d4e7f4d6c27) Importer(815301076,1909f56bfc062723c751e8b465ee728b)  -> (artifact id: '24d219b4a28e2d91b132d8e38c93c0ba') in 0.048742 seconds 
========================================================================
Received Import Request.
  Time since last request: 2.540689 seconds.
  path: Assets/Prefabs/A1.prefab
  artifactKey: Guid(3abaeba89709740e0b44a4710e8cd678) Importer(815301076,1909f56bfc062723c751e8b465ee728b)
Start importing Assets/Prefabs/A1.prefab using Guid(3abaeba89709740e0b44a4710e8cd678) Importer(815301076,1909f56bfc062723c751e8b465ee728b)  -> (artifact id: '1607565349ee9d5ebe5625c05efed8ad') in 0.008154 seconds 
========================================================================
Received Import Request.
  Time since last request: 6.820132 seconds.
  path: Assets/Prefabs/A2.prefab
  artifactKey: Guid(b88f658e50f674fb1930f61f7ea43fb3) Importer(815301076,1909f56bfc062723c751e8b465ee728b)
Start importing Assets/Prefabs/A2.prefab using Guid(b88f658e50f674fb1930f61f7ea43fb3) Importer(815301076,1909f56bfc062723c751e8b465ee728b)  -> (artifact id: '41dfb4862b4403d4e2dd07b84e2bfe37') in 0.021154 seconds 
========================================================================
Received Import Request.
  Time since last request: 7.973209 seconds.
  path: Assets/Prefabs/A2.prefab
  artifactKey: Guid(b88f658e50f674fb1930f61f7ea43fb3) Importer(815301076,1909f56bfc062723c751e8b465ee728b)
Start importing Assets/Prefabs/A2.prefab using Guid(b88f658e50f674fb1930f61f7ea43fb3) Importer(815301076,1909f56bfc062723c751e8b465ee728b)  -> (artifact id: 'f0ddab3a481769f2da8d577f42951f5c') in 0.054110 seconds 
========================================================================
Received Import Request.
  Time since last request: 1.691210 seconds.
  path: Assets/Prefabs/A3.prefab
  artifactKey: Guid(ddc5412b8ec8747c0bd71d4e7f4d6c27) Importer(815301076,1909f56bfc062723c751e8b465ee728b)
Start importing Assets/Prefabs/A3.prefab using Guid(ddc5412b8ec8747c0bd71d4e7f4d6c27) Importer(815301076,1909f56bfc062723c751e8b465ee728b)  -> (artifact id: 'af693abb2796fa7d34505d801ba88e2f') in 0.007489 seconds 
========================================================================
Received Import Request.
  Time since last request: 15.965629 seconds.
  path: Assets/Prefabs/A1.prefab
  artifactKey: Guid(3abaeba89709740e0b44a4710e8cd678) Importer(815301076,1909f56bfc062723c751e8b465ee728b)
Start importing Assets/Prefabs/A1.prefab using Guid(3abaeba89709740e0b44a4710e8cd678) Importer(815301076,1909f56bfc062723c751e8b465ee728b)  -> (artifact id: '9503e583c0ed66948d85965d73bf6cea') in 0.038731 seconds 
========================================================================
Received Import Request.
  Time since last request: 0.767910 seconds.
  path: Assets/Prefabs/A3.prefab
  artifactKey: Guid(ddc5412b8ec8747c0bd71d4e7f4d6c27) Importer(815301076,1909f56bfc062723c751e8b465ee728b)
Start importing Assets/Prefabs/A3.prefab using Guid(ddc5412b8ec8747c0bd71d4e7f4d6c27) Importer(815301076,1909f56bfc062723c751e8b465ee728b)  -> (artifact id: 'a4cfd718a5c4c691c2839bab7dff2a0b') in 0.009830 seconds 
========================================================================
Received Prepare
Registering precompiled user dll's ...
Registered in 0.001470 seconds.
Begin MonoManager ReloadAssembly
Thread 0x16f5d7000 may have been prematurely finalized
Symbol file LoadedFromMemory doesn't match image /Users/ronald/Desktop/Unity/Unity Programing Course/Junior Programmer/CheckPoints/Theory-Programming-Repo/FlightSimulator/Library/PackageCache/com.unity.visualscripting@1.7.8/Editor/VisualScripting.Core/Dependencies/YamlDotNet/Unity.VisualScripting.YamlDotNet.dll
Symbol file LoadedFromMemory doesn't match image /Users/ronald/Desktop/Unity/Unity Programing Course/Junior Programmer/CheckPoints/Theory-Programming-Repo/FlightSimulator/Library/PackageCache/com.unity.visualscripting@1.7.8/Editor/VisualScripting.Core/Dependencies/DotNetZip/Unity.VisualScripting.IonicZip.dll
Native extension for WindowsStandalone target not found
Native extension for Android target not found
Native extension for OSXStandalone target not found
Native extension for WebGL target not found
Refreshing native plugins compatible for Editor in 0.77 ms, found 2 plugins.
Preloading 0 native plugins for Editor in 0.00 ms.
Mono: successfully reloaded assembly
- Completed reload, in  0.742 seconds
Domain Reload Profiling:
	ReloadAssembly (743ms)
		BeginReloadAssembly (116ms)
			ExecutionOrderSort (0ms)
			DisableScriptedObjects (8ms)
			BackupInstance (0ms)
			ReleaseScriptingObjects (0ms)
			CreateAndSetChildDomain (52ms)
		EndReloadAssembly (562ms)
			LoadAssemblies (52ms)
			RebuildTransferFunctionScriptingTraits (0ms)
			SetupTypeCache (202ms)
			ReleaseScriptCaches (6ms)
			RebuildScriptCaches (30ms)
			SetupLoadedEditorAssemblies (223ms)
				LogAssemblyErrors (0ms)
				InitializePlatformSupportModulesInManaged (12ms)
				SetLoadedEditorAssemblies (0ms)
				RefreshPlugins (1ms)
				BeforeProcessingInitializeOnLoad (46ms)
				ProcessInitializeOnLoadAttributes (145ms)
				ProcessInitializeOnLoadMethodAttributes (17ms)
				AfterProcessingInitializeOnLoad (1ms)
				EditorAssembliesLoaded (0ms)
			ExecutionOrderSort2 (0ms)
			AwakeInstancesAfterBackupRestoration (3ms)
Platform modules already initialized, skipping
Refreshing native plugins compatible for Editor in 0.98 ms, found 2 plugins.
Preloading 0 native plugins for Editor in 0.00 ms.
Unloading 3413 Unused Serialized files (Serialized files now loaded: 0)
Unloading 20 unused Assets / (72.6 KB). Loaded Objects now: 3952.
Memory consumption went from 328.5 MB to 328.4 MB.
Total: 2.847709 ms (FindLiveObjects: 0.128834 ms CreateObjectMapping: 0.068208 ms MarkObjects: 2.547708 ms  DeleteObjects: 0.102167 ms)

AssetImportParameters requested are different than current active one (requested -> active):
  custom:video-decoder-ogg-theora: a1e56fd34408186e4bbccfd4996cb3dc -> 
  custom:container-muxer-webm: aa71ff27fc2769a1b78a27578f13a17b -> 
  custom:container-demuxer-webm: 4f35f7cbe854078d1ac9338744f61a02 -> 
  custom:video-encoder-webm-vp8: eb34c28f22e8b96e1ab97ce403110664 -> 
  custom:framework-osx-AVFoundation: e770b220cccbd017edd2c1fefb359320 -> 
  custom:audio-encoder-webm-vorbis: bf7c407c2cedff20999df2af8eb42d56 -> 
  custom:container-demuxer-ogg: 62fdf1f143b41e24485cea50d1cbac27 -> 
  custom:video-decoder-webm-vp8: 9c59270c3fd7afecdb556c50c9e8de78 -> 
  custom:audio-decoder-ogg-vorbis: bf7c407c2cedff20999df2af8eb42d56 -> 
========================================================================
Received Prepare
Registering precompiled user dll's ...
Registered in 0.001504 seconds.
Begin MonoManager ReloadAssembly
Thread 0x16f5d7000 may have been prematurely finalized
Symbol file LoadedFromMemory doesn't match image /Users/ronald/Desktop/Unity/Unity Programing Course/Junior Programmer/CheckPoints/Theory-Programming-Repo/FlightSimulator/Library/PackageCache/com.unity.visualscripting@1.7.8/Editor/VisualScripting.Core/Dependencies/YamlDotNet/Unity.VisualScripting.YamlDotNet.dll
Symbol file LoadedFromMemory doesn't match image /Users/ronald/Desktop/Unity/Unity Programing Course/Junior Programmer/CheckPoints/Theory-Programming-Repo/FlightSimulator/Library/PackageCache/com.unity.visualscripting@1.7.8/Editor/VisualScripting.Core/Dependencies/DotNetZip/Unity.VisualScripting.IonicZip.dll
Native extension for WindowsStandalone target not found
Native extension for Android target not found
Native extension for OSXStandalone target not found
Native extension for WebGL target not found
Refreshing native plugins compatible for Editor in 0.47 ms, found 2 plugins.
Preloading 0 native plugins for Editor in 0.00 ms.
Mono: successfully reloaded assembly
- Completed reload, in  0.732 seconds
Domain Reload Profiling:
	ReloadAssembly (733ms)
		BeginReloadAssembly (117ms)
			ExecutionOrderSort (0ms)
			DisableScriptedObjects (9ms)
			BackupInstance (0ms)
			ReleaseScriptingObjects (0ms)
			CreateAndSetChildDomain (44ms)
		EndReloadAssembly (547ms)
			LoadAssemblies (44ms)
			RebuildTransferFunctionScriptingTraits (0ms)
			SetupTypeCache (222ms)
			ReleaseScriptCaches (1ms)
			RebuildScriptCaches (31ms)
			SetupLoadedEditorAssemblies (220ms)
				LogAssemblyErrors (0ms)
				InitializePlatformSupportModulesInManaged (11ms)
				SetLoadedEditorAssemblies (0ms)
				RefreshPlugins (0ms)
				BeforeProcessingInitializeOnLoad (45ms)
				ProcessInitializeOnLoadAttributes (144ms)
				ProcessInitializeOnLoadMethodAttributes (18ms)
				AfterProcessingInitializeOnLoad (1ms)
				EditorAssembliesLoaded (0ms)
			ExecutionOrderSort2 (0ms)
			AwakeInstancesAfterBackupRestoration (3ms)
Platform modules already initialized, skipping
Refreshing native plugins compatible for Editor in 1.05 ms, found 2 plugins.
Preloading 0 native plugins for Editor in 0.00 ms.
Unloading 3413 Unused Serialized files (Serialized files now loaded: 0)
Unloading 20 unused Assets / (72.4 KB). Loaded Objects now: 3955.
Memory consumption went from 328.5 MB to 328.4 MB.
Total: 2.832500 ms (FindLiveObjects: 0.117500 ms CreateObjectMapping: 0.049083 ms MarkObjects: 2.546083 ms  DeleteObjects: 0.118833 ms)

AssetImportParameters requested are different than current active one (requested -> active):
  custom:video-decoder-ogg-theora: a1e56fd34408186e4bbccfd4996cb3dc -> 
  custom:container-muxer-webm: aa71ff27fc2769a1b78a27578f13a17b -> 
  custom:container-demuxer-webm: 4f35f7cbe854078d1ac9338744f61a02 -> 
  custom:video-encoder-webm-vp8: eb34c28f22e8b96e1ab97ce403110664 -> 
  custom:framework-osx-AVFoundation: e770b220cccbd017edd2c1fefb359320 -> 
  custom:audio-encoder-webm-vorbis: bf7c407c2cedff20999df2af8eb42d56 -> 
  custom:container-demuxer-ogg: 62fdf1f143b41e24485cea50d1cbac27 -> 
  custom:video-decoder-webm-vp8: 9c59270c3fd7afecdb556c50c9e8de78 -> 
  custom:audio-decoder-ogg-vorbis: bf7c407c2cedff20999df2af8eb42d56 -> 
========================================================================
Received Import Request.
  Time since last request: 50.320301 seconds.
  path: Assets/Prefabs/A2.prefab
  artifactKey: Guid(b88f658e50f674fb1930f61f7ea43fb3) Importer(815301076,1909f56bfc062723c751e8b465ee728b)
Start importing Assets/Prefabs/A2.prefab using Guid(b88f658e50f674fb1930f61f7ea43fb3) Importer(815301076,1909f56bfc062723c751e8b465ee728b)  -> (artifact id: 'f50506965a086be7671ac0595d193593') in 0.077902 seconds 
========================================================================
Received Import Request.
  Time since last request: 16.371506 seconds.
  path: Assets/Prefabs/A2.prefab
  artifactKey: Guid(b88f658e50f674fb1930f61f7ea43fb3) Importer(815301076,1909f56bfc062723c751e8b465ee728b)
Start importing Assets/Prefabs/A2.prefab using Guid(b88f658e50f674fb1930f61f7ea43fb3) Importer(815301076,1909f56bfc062723c751e8b465ee728b)  -> (artifact id: '89f1d161ab402440bb28b70bff856295') in 0.023065 seconds 
========================================================================
Received Prepare
Registering precompiled user dll's ...
Registered in 0.001503 seconds.
Begin MonoManager ReloadAssembly
Thread 0x16f5d7000 may have been prematurely finalized
Symbol file LoadedFromMemory doesn't match image /Users/ronald/Desktop/Unity/Unity Programing Course/Junior Programmer/CheckPoints/Theory-Programming-Repo/FlightSimulator/Library/PackageCache/com.unity.visualscripting@1.7.8/Editor/VisualScripting.Core/Dependencies/YamlDotNet/Unity.VisualScripting.YamlDotNet.dll
Symbol file LoadedFromMemory doesn't match image /Users/ronald/Desktop/Unity/Unity Programing Course/Junior Programmer/CheckPoints/Theory-Programming-Repo/FlightSimulator/Library/PackageCache/com.unity.visualscripting@1.7.8/Editor/VisualScripting.Core/Dependencies/DotNetZip/Unity.VisualScripting.IonicZip.dll
Native extension for WindowsStandalone target not found
Native extension for Android target not found
Native extension for OSXStandalone target not found
Native extension for WebGL target not found
Refreshing native plugins compatible for Editor in 0.62 ms, found 2 plugins.
Preloading 0 native plugins for Editor in 0.00 ms.
Mono: successfully reloaded assembly
- Completed reload, in  0.748 seconds
Domain Reload Profiling:
	ReloadAssembly (748ms)
		BeginReloadAssembly (116ms)
			ExecutionOrderSort (0ms)
			DisableScriptedObjects (4ms)
			BackupInstance (0ms)
			ReleaseScriptingObjects (0ms)
			CreateAndSetChildDomain (50ms)
		EndReloadAssembly (564ms)
			LoadAssemblies (48ms)
			RebuildTransferFunctionScriptingTraits (0ms)
			SetupTypeCache (210ms)
			ReleaseScriptCaches (2ms)
			RebuildScriptCaches (33ms)
			SetupLoadedEditorAssemblies (235ms)
				LogAssemblyErrors (0ms)
				InitializePlatformSupportModulesInManaged (12ms)
				SetLoadedEditorAssemblies (0ms)
				RefreshPlugins (1ms)
				BeforeProcessingInitializeOnLoad (46ms)
				ProcessInitializeOnLoadAttributes (146ms)
				ProcessInitializeOnLoadMethodAttributes (29ms)
				AfterProcessingInitializeOnLoad (1ms)
				EditorAssembliesLoaded (0ms)
			ExecutionOrderSort2 (0ms)
			AwakeInstancesAfterBackupRestoration (8ms)
Platform modules already initialized, skipping
Refreshing native plugins compatible for Editor in 1.02 ms, found 2 plugins.
Preloading 0 native plugins for Editor in 0.00 ms.
Unloading 3413 Unused Serialized files (Serialized files now loaded: 0)
Unloading 20 unused Assets / (71.8 KB). Loaded Objects now: 3958.
Memory consumption went from 328.9 MB to 328.9 MB.
Total: 2.678458 ms (FindLiveObjects: 0.173500 ms CreateObjectMapping: 0.085250 ms MarkObjects: 2.326209 ms  DeleteObjects: 0.093000 ms)

AssetImportParameters requested are different than current active one (requested -> active):
  custom:video-decoder-ogg-theora: a1e56fd34408186e4bbccfd4996cb3dc -> 
  custom:container-muxer-webm: aa71ff27fc2769a1b78a27578f13a17b -> 
  custom:container-demuxer-webm: 4f35f7cbe854078d1ac9338744f61a02 -> 
  custom:video-encoder-webm-vp8: eb34c28f22e8b96e1ab97ce403110664 -> 
  custom:framework-osx-AVFoundation: e770b220cccbd017edd2c1fefb359320 -> 
  custom:audio-encoder-webm-vorbis: bf7c407c2cedff20999df2af8eb42d56 -> 
  custom:container-demuxer-ogg: 62fdf1f143b41e24485cea50d1cbac27 -> 
  custom:video-decoder-webm-vp8: 9c59270c3fd7afecdb556c50c9e8de78 -> 
  custom:audio-decoder-ogg-vorbis: bf7c407c2cedff20999df2af8eb42d56 -> 
========================================================================
Received Prepare
Registering precompiled user dll's ...
Registered in 0.002028 seconds.
Begin MonoManager ReloadAssembly
Thread 0x16f5d7000 may have been prematurely finalized
Symbol file LoadedFromMemory doesn't match image /Users/ronald/Desktop/Unity/Unity Programing Course/Junior Programmer/CheckPoints/Theory-Programming-Repo/FlightSimulator/Library/PackageCache/com.unity.visualscripting@1.7.8/Editor/VisualScripting.Core/Dependencies/YamlDotNet/Unity.VisualScripting.YamlDotNet.dll
Symbol file LoadedFromMemory doesn't match image /Users/ronald/Desktop/Unity/Unity Programing Course/Junior Programmer/CheckPoints/Theory-Programming-Repo/FlightSimulator/Library/PackageCache/com.unity.visualscripting@1.7.8/Editor/VisualScripting.Core/Dependencies/DotNetZip/Unity.VisualScripting.IonicZip.dll
Native extension for WindowsStandalone target not found
Native extension for Android target not found
Native extension for OSXStandalone target not found
Native extension for WebGL target not found
Refreshing native plugins compatible for Editor in 1.20 ms, found 2 plugins.
Preloading 0 native plugins for Editor in 0.00 ms.
Mono: successfully reloaded assembly
- Completed reload, in  0.782 seconds
Domain Reload Profiling:
	ReloadAssembly (786ms)
		BeginReloadAssembly (126ms)
			ExecutionOrderSort (0ms)
			DisableScriptedObjects (5ms)
			BackupInstance (0ms)
			ReleaseScriptingObjects (0ms)
			CreateAndSetChildDomain (47ms)
		EndReloadAssembly (593ms)
			LoadAssemblies (61ms)
			RebuildTransferFunctionScriptingTraits (0ms)
			SetupTypeCache (226ms)
			ReleaseScriptCaches (19ms)
			RebuildScriptCaches (33ms)
			SetupLoadedEditorAssemblies (225ms)
				LogAssemblyErrors (0ms)
				InitializePlatformSupportModulesInManaged (15ms)
				SetLoadedEditorAssemblies (0ms)
				RefreshPlugins (1ms)
				BeforeProcessingInitializeOnLoad (45ms)
				ProcessInitializeOnLoadAttributes (144ms)
				ProcessInitializeOnLoadMethodAttributes (18ms)
				AfterProcessingInitializeOnLoad (1ms)
				EditorAssembliesLoaded (0ms)
			ExecutionOrderSort2 (0ms)
			AwakeInstancesAfterBackupRestoration (3ms)
Platform modules already initialized, skipping
Refreshing native plugins compatible for Editor in 1.07 ms, found 2 plugins.
Preloading 0 native plugins for Editor in 0.00 ms.
Unloading 3413 Unused Serialized files (Serialized files now loaded: 0)
Unloading 20 unused Assets / (71.7 KB). Loaded Objects now: 3961.
Memory consumption went from 329.0 MB to 328.9 MB.
Total: 2.804250 ms (FindLiveObjects: 0.175958 ms CreateObjectMapping: 0.083500 ms MarkObjects: 2.438125 ms  DeleteObjects: 0.105000 ms)

AssetImportParameters requested are different than current active one (requested -> active):
  custom:video-decoder-ogg-theora: a1e56fd34408186e4bbccfd4996cb3dc -> 
  custom:container-muxer-webm: aa71ff27fc2769a1b78a27578f13a17b -> 
  custom:container-demuxer-webm: 4f35f7cbe854078d1ac9338744f61a02 -> 
  custom:video-encoder-webm-vp8: eb34c28f22e8b96e1ab97ce403110664 -> 
  custom:framework-osx-AVFoundation: e770b220cccbd017edd2c1fefb359320 -> 
  custom:audio-encoder-webm-vorbis: bf7c407c2cedff20999df2af8eb42d56 -> 
  custom:container-demuxer-ogg: 62fdf1f143b41e24485cea50d1cbac27 -> 
  custom:video-decoder-webm-vp8: 9c59270c3fd7afecdb556c50c9e8de78 -> 
  custom:audio-decoder-ogg-vorbis: bf7c407c2cedff20999df2af8eb42d56 -> 
========================================================================
Received Import Request.
  Time since last request: 49.329129 seconds.
  path: Assets/Runemark Studio/Origami Pack/Scenes
  artifactKey: Guid(bd82f6626f549d84d9bd814bb6610750) Importer(815301076,1909f56bfc062723c751e8b465ee728b)
Start importing Assets/Runemark Studio/Origami Pack/Scenes using Guid(bd82f6626f549d84d9bd814bb6610750) Importer(815301076,1909f56bfc062723c751e8b465ee728b)  -> (artifact id: '900ed97995c049ccbd61631f2076c43f') in 0.043109 seconds 
========================================================================
Received Import Request.
  Time since last request: 10.239589 seconds.
  path: Assets/Runemark Studio/Origami Pack/Prefabs
  artifactKey: Guid(98544314b85c2d943902cffa9c8e8e15) Importer(815301076,1909f56bfc062723c751e8b465ee728b)
Start importing Assets/Runemark Studio/Origami Pack/Prefabs using Guid(98544314b85c2d943902cffa9c8e8e15) Importer(815301076,1909f56bfc062723c751e8b465ee728b)  -> (artifact id: '4df33e2dc774547cbf881b717b6fff16') in 0.001129 seconds 
========================================================================
Received Import Request.
  Time since last request: 7.222120 seconds.
  path: Assets/Prefabs/A3.prefab
  artifactKey: Guid(ddc5412b8ec8747c0bd71d4e7f4d6c27) Importer(815301076,1909f56bfc062723c751e8b465ee728b)
Start importing Assets/Prefabs/A3.prefab using Guid(ddc5412b8ec8747c0bd71d4e7f4d6c27) Importer(815301076,1909f56bfc062723c751e8b465ee728b)  -> (artifact id: '9e3d17401e9743af5ff9a39f2d3b68f9') in 0.100465 seconds 
